Determining if the Q_WS_WIN exist failed with the following output:
Change Dir: /home/superkuppa99/workspace/G4WORK/telescope-work/PixelSize/t300/8um128px/build/CMakeFiles/CMakeTmp

Run Build Command:"/usr/bin/make" "cmTC_ee9ad/fast"
/usr/bin/make -f CMakeFiles/cmTC_ee9ad.dir/build.make CMakeFiles/cmTC_ee9ad.dir/build
make[1]: Entering directory '/home/superkuppa99/workspace/G4WORK/telescope-work/PixelSize/t300/8um128px/build/CMakeFiles/CMakeTmp'
Building CXX object CMakeFiles/cmTC_ee9ad.dir/CheckSymbolExists.cxx.o
/usr/bin/c++   -I/usr/include/qt4   -o CMakeFiles/cmTC_ee9ad.dir/CheckSymbolExists.cxx.o -c /home/superkuppa99/workspace/G4WORK/telescope-work/PixelSize/t300/8um128px/build/CMakeFiles/CMakeTmp/CheckSymbolExists.cxx
/home/superkuppa99/workspace/G4WORK/telescope-work/PixelSize/t300/8um128px/build/CMakeFiles/CMakeTmp/CheckSymbolExists.cxx: In function ‘int main(int, char**)’:
/home/superkuppa99/workspace/G4WORK/telescope-work/PixelSize/t300/8um128px/build/CMakeFiles/CMakeTmp/CheckSymbolExists.cxx:8:19: error: ‘Q_WS_WIN’ was not declared in this scope
   return ((int*)(&Q_WS_WIN))[argc];
                   ^~~~~~~~
/home/superkuppa99/workspace/G4WORK/telescope-work/PixelSize/t300/8um128px/build/CMakeFiles/CMakeTmp/CheckSymbolExists.cxx:8:19: note: suggested alternative: ‘Q_WS_X11’
   return ((int*)(&Q_WS_WIN))[argc];
                   ^~~~~~~~
                   Q_WS_X11
CMakeFiles/cmTC_ee9ad.dir/build.make:65: recipe for target 'CMakeFiles/cmTC_ee9ad.dir/CheckSymbolExists.cxx.o' failed
make[1]: *** [CMakeFiles/cmTC_ee9ad.dir/CheckSymbolExists.cxx.o] Error 1
make[1]: Leaving directory '/home/superkuppa99/workspace/G4WORK/telescope-work/PixelSize/t300/8um128px/build/CMakeFiles/CMakeTmp'
Makefile:126: recipe for target 'cmTC_ee9ad/fast' failed
make: *** [cmTC_ee9ad/fast] Error 2

File /home/superkuppa99/workspace/G4WORK/telescope-work/PixelSize/t300/8um128px/build/CMakeFiles/CMakeTmp/CheckSymbolExists.cxx:
/* */
#include <QtCore/qglobal.h>

int main(int argc, char** argv)
{
  (void)argv;
#ifndef Q_WS_WIN
  return ((int*)(&Q_WS_WIN))[argc];
#else
  (void)argc;
  return 0;
#endif
}

Determining if the Q_WS_QWS exist failed with the following output:
Change Dir: /home/superkuppa99/workspace/G4WORK/telescope-work/PixelSize/t300/8um128px/build/CMakeFiles/CMakeTmp

Run Build Command:"/usr/bin/make" "cmTC_b817e/fast"
/usr/bin/make -f CMakeFiles/cmTC_b817e.dir/build.make CMakeFiles/cmTC_b817e.dir/build
make[1]: Entering directory '/home/superkuppa99/workspace/G4WORK/telescope-work/PixelSize/t300/8um128px/build/CMakeFiles/CMakeTmp'
Building CXX object CMakeFiles/cmTC_b817e.dir/CheckSymbolExists.cxx.o
/usr/bin/c++   -I/usr/include/qt4   -o CMakeFiles/cmTC_b817e.dir/CheckSymbolExists.cxx.o -c /home/superkuppa99/workspace/G4WORK/telescope-work/PixelSize/t300/8um128px/build/CMakeFiles/CMakeTmp/CheckSymbolExists.cxx
/home/superkuppa99/workspace/G4WORK/telescope-work/PixelSize/t300/8um128px/build/CMakeFiles/CMakeTmp/CheckSymbolExists.cxx: In function ‘int main(int, char**)’:
/home/superkuppa99/workspace/G4WORK/telescope-work/PixelSize/t300/8um128px/build/CMakeFiles/CMakeTmp/CheckSymbolExists.cxx:8:19: error: ‘Q_WS_QWS’ was not declared in this scope
   return ((int*)(&Q_WS_QWS))[argc];
                   ^~~~~~~~
/home/superkuppa99/workspace/G4WORK/telescope-work/PixelSize/t300/8um128px/build/CMakeFiles/CMakeTmp/CheckSymbolExists.cxx:8:19: note: suggested alternative: ‘Q_WS_X11’
   return ((int*)(&Q_WS_QWS))[argc];
                   ^~~~~~~~
                   Q_WS_X11
CMakeFiles/cmTC_b817e.dir/build.make:65: recipe for target 'CMakeFiles/cmTC_b817e.dir/CheckSymbolExists.cxx.o' failed
make[1]: *** [CMakeFiles/cmTC_b817e.dir/CheckSymbolExists.cxx.o] Error 1
make[1]: Leaving directory '/home/superkuppa99/workspace/G4WORK/telescope-work/PixelSize/t300/8um128px/build/CMakeFiles/CMakeTmp'
Makefile:126: recipe for target 'cmTC_b817e/fast' failed
make: *** [cmTC_b817e/fast] Error 2

File /home/superkuppa99/workspace/G4WORK/telescope-work/PixelSize/t300/8um128px/build/CMakeFiles/CMakeTmp/CheckSymbolExists.cxx:
/* */
#include <QtCore/qglobal.h>

int main(int argc, char** argv)
{
  (void)argv;
#ifndef Q_WS_QWS
  return ((int*)(&Q_WS_QWS))[argc];
#else
  (void)argc;
  return 0;
#endif
}

Determining if the Q_WS_MAC exist failed with the following output:
Change Dir: /home/superkuppa99/workspace/G4WORK/telescope-work/PixelSize/t300/8um128px/build/CMakeFiles/CMakeTmp

Run Build Command:"/usr/bin/make" "cmTC_cd88e/fast"
/usr/bin/make -f CMakeFiles/cmTC_cd88e.dir/build.make CMakeFiles/cmTC_cd88e.dir/build
make[1]: Entering directory '/home/superkuppa99/workspace/G4WORK/telescope-work/PixelSize/t300/8um128px/build/CMakeFiles/CMakeTmp'
Building CXX object CMakeFiles/cmTC_cd88e.dir/CheckSymbolExists.cxx.o
/usr/bin/c++   -I/usr/include/qt4   -o CMakeFiles/cmTC_cd88e.dir/CheckSymbolExists.cxx.o -c /home/superkuppa99/workspace/G4WORK/telescope-work/PixelSize/t300/8um128px/build/CMakeFiles/CMakeTmp/CheckSymbolExists.cxx
/home/superkuppa99/workspace/G4WORK/telescope-work/PixelSize/t300/8um128px/build/CMakeFiles/CMakeTmp/CheckSymbolExists.cxx: In function ‘int main(int, char**)’:
/home/superkuppa99/workspace/G4WORK/telescope-work/PixelSize/t300/8um128px/build/CMakeFiles/CMakeTmp/CheckSymbolExists.cxx:8:19: error: ‘Q_WS_MAC’ was not declared in this scope
   return ((int*)(&Q_WS_MAC))[argc];
                   ^~~~~~~~
/home/superkuppa99/workspace/G4WORK/telescope-work/PixelSize/t300/8um128px/build/CMakeFiles/CMakeTmp/CheckSymbolExists.cxx:8:19: note: suggested alternative: ‘Q_WS_X11’
   return ((int*)(&Q_WS_MAC))[argc];
                   ^~~~~~~~
                   Q_WS_X11
CMakeFiles/cmTC_cd88e.dir/build.make:65: recipe for target 'CMakeFiles/cmTC_cd88e.dir/CheckSymbolExists.cxx.o' failed
make[1]: *** [CMakeFiles/cmTC_cd88e.dir/CheckSymbolExists.cxx.o] Error 1
make[1]: Leaving directory '/home/superkuppa99/workspace/G4WORK/telescope-work/PixelSize/t300/8um128px/build/CMakeFiles/CMakeTmp'
Makefile:126: recipe for target 'cmTC_cd88e/fast' failed
make: *** [cmTC_cd88e/fast] Error 2

File /home/superkuppa99/workspace/G4WORK/telescope-work/PixelSize/t300/8um128px/build/CMakeFiles/CMakeTmp/CheckSymbolExists.cxx:
/* */
#include <QtCore/qglobal.h>

int main(int argc, char** argv)
{
  (void)argv;
#ifndef Q_WS_MAC
  return ((int*)(&Q_WS_MAC))[argc];
#else
  (void)argc;
  return 0;
#endif
}

